
*** Running vivado
    with args -log top.vdi -applog -m64 -product Vivado -messageDb vivado.pb -mode batch -source top.tcl -notrace



****** Vivado v2020.2 (64-bit)
  **** SW Build 3064766 on Wed Nov 18 09:12:45 MST 2020
  **** IP Build 3064653 on Wed Nov 18 14:17:31 MST 2020
    ** Copyright 1986-2020 Xilinx, Inc. All Rights Reserved.

source top.tcl -notrace
Command: link_design -top top -part xc7z020clg484-1
Design is defaulting to srcset: sources_1
Design is defaulting to constrset: constrs_1
INFO: [Device 21-403] Loading part xc7z020clg484-1
Netlist sorting complete. Time (s): cpu = 00:00:00 ; elapsed = 00:00:00 . Memory (MB): peak = 1143.594 ; gain = 0.000
INFO: [Project 1-479] Netlist was created with Vivado 2020.2
INFO: [Project 1-570] Preparing netlist for logic optimization
Parsing XDC File [C:/OSCP/OSCPS_Documents/FPGA_Courses/ZedBoard/3_Zboard_All_LED/3_Zboard_All_LED.srcs/constrs_1/new/top.xdc]
Finished Parsing XDC File [C:/OSCP/OSCPS_Documents/FPGA_Courses/ZedBoard/3_Zboard_All_LED/3_Zboard_All_LED.srcs/constrs_1/new/top.xdc]
INFO: [Opt 31-138] Pushed 0 inverter(s) to 0 load pin(s).
Netlist sorting complete. Time (s): cpu = 00:00:00 ; elapsed = 00:00:00 . Memory (MB): peak = 1143.594 ; gain = 0.000
INFO: [Project 1-111] Unisim Transformation Summary:
No Unisim elements were transformed.

5 Infos, 0 Warnings, 0 Critical Warnings and 0 Errors encountered.
link_design completed successfully
link_design: Time (s): cpu = 00:00:07 ; elapsed = 00:00:26 . Memory (MB): peak = 1143.594 ; gain = 0.000
Command: opt_design
Attempting to get a license for feature 'Implementation' and/or device 'xc7z020'
INFO: [Common 17-349] Got license for feature 'Implementation' and/or device 'xc7z020'
Running DRC as a precondition to command opt_design

Starting DRC Task
INFO: [DRC 23-27] Running DRC with 2 threads
INFO: [Project 1-461] DRC finished with 0 Errors
INFO: [Project 1-462] Please refer to the DRC report (report_drc) for more information.

Time (s): cpu = 00:00:02 ; elapsed = 00:00:00.910 . Memory (MB): peak = 1143.594 ; gain = 0.000

Starting Cache Timing Information Task
INFO: [Timing 38-35] Done setting XDC timing constraints.
Ending Cache Timing Information Task | Checksum: 15a74d5b9

Time (s): cpu = 00:00:07 ; elapsed = 00:00:07 . Memory (MB): peak = 1593.293 ; gain = 449.699

Starting Logic Optimization Task

Phase 1 Retarget
INFO: [Opt 31-138] Pushed 0 inverter(s) to 0 load pin(s).
INFO: [Opt 31-49] Retargeted 0 cell(s).
Phase 1 Retarget | Checksum: 15a74d5b9

Time (s): cpu = 00:00:00 ; elapsed = 00:00:00.013 . Memory (MB): peak = 1805.945 ; gain = 0.000
INFO: [Opt 31-389] Phase Retarget created 0 cells and removed 0 cells

Phase 2 Constant propagation
INFO: [Opt 31-138] Pushed 0 inverter(s) to 0 load pin(s).
Phase 2 Constant propagation | Checksum: 15a74d5b9

Time (s): cpu = 00:00:00 ; elapsed = 00:00:00.014 . Memory (MB): peak = 1805.945 ; gain = 0.000
INFO: [Opt 31-389] Phase Constant propagation created 0 cells and removed 0 cells

Phase 3 Sweep
Phase 3 Sweep | Checksum: 15a74d5b9

Time (s): cpu = 00:00:00 ; elapsed = 00:00:00.018 . Memory (MB): peak = 1805.945 ; gain = 0.000
INFO: [Opt 31-389] Phase Sweep created 0 cells and removed 0 cells

Phase 4 BUFG optimization
Phase 4 BUFG optimization | Checksum: 15a74d5b9

Time (s): cpu = 00:00:00 ; elapsed = 00:00:00.022 . Memory (MB): peak = 1805.945 ; gain = 0.000
INFO: [Opt 31-662] Phase BUFG optimization created 0 cells of which 0 are BUFGs and removed 0 cells.

Phase 5 Shift Register Optimization
INFO: [Opt 31-1064] SRL Remap converted 0 SRLs to 0 registers and converted 0 registers of register chains to 0 SRLs
Phase 5 Shift Register Optimization | Checksum: 15a74d5b9

Time (s): cpu = 00:00:00 ; elapsed = 00:00:00.023 . Memory (MB): peak = 1805.945 ; gain = 0.000
INFO: [Opt 31-389] Phase Shift Register Optimization created 0 cells and removed 0 cells

Phase 6 Post Processing Netlist
Phase 6 Post Processing Netlist | Checksum: 15a74d5b9

Time (s): cpu = 00:00:00 ; elapsed = 00:00:00.025 . Memory (MB): peak = 1805.945 ; gain = 0.000
INFO: [Opt 31-389] Phase Post Processing Netlist created 0 cells and removed 0 cells
Opt_design Change Summary
=========================


-------------------------------------------------------------------------------------------------------------------------
|  Phase                        |  #Cells created  |  #Cells Removed  |  #Constrained objects preventing optimizations  |
-------------------------------------------------------------------------------------------------------------------------
|  Retarget                     |               0  |               0  |                                              0  |
|  Constant propagation         |               0  |               0  |                                              0  |
|  Sweep                        |               0  |               0  |                                              0  |
|  BUFG optimization            |               0  |               0  |                                              0  |
|  Shift Register Optimization  |               0  |               0  |                                              0  |
|  Post Processing Netlist      |               0  |               0  |                                              0  |
-------------------------------------------------------------------------------------------------------------------------



Starting Connectivity Check Task

Time (s): cpu = 00:00:00 ; elapsed = 00:00:00.001 . Memory (MB): peak = 1805.945 ; gain = 0.000
Ending Logic Optimization Task | Checksum: 15a74d5b9

Time (s): cpu = 00:00:00 ; elapsed = 00:00:00.027 . Memory (MB): peak = 1805.945 ; gain = 0.000

Starting Power Optimization Task
INFO: [Pwropt 34-132] Skipping clock gating for clocks with a period < 2.00 ns.
Ending Power Optimization Task | Checksum: 15a74d5b9

Time (s): cpu = 00:00:00 ; elapsed = 00:00:00.012 . Memory (MB): peak = 1805.945 ; gain = 0.000

Starting Final Cleanup Task
Ending Final Cleanup Task | Checksum: 15a74d5b9

Time (s): cpu = 00:00:00 ; elapsed = 00:00:00 . Memory (MB): peak = 1805.945 ; gain = 0.000

Starting Netlist Obfuscation Task
Netlist sorting complete. Time (s): cpu = 00:00:00 ; elapsed = 00:00:00 . Memory (MB): peak = 1805.945 ; gain = 0.000
Ending Netlist Obfuscation Task | Checksum: 15a74d5b9

Time (s): cpu = 00:00:00 ; elapsed = 00:00:00 . Memory (MB): peak = 1805.945 ; gain = 0.000
INFO: [Common 17-83] Releasing license: Implementation
22 Infos, 0 Warnings, 0 Critical Warnings and 0 Errors encountered.
opt_design completed successfully
opt_design: Time (s): cpu = 00:00:11 ; elapsed = 00:00:10 . Memory (MB): peak = 1805.945 ; gain = 662.352
INFO: [Timing 38-480] Writing timing data to binary archive.
Writing placer database...
Writing XDEF routing.
Writing XDEF routing logical nets.
Writing XDEF routing special nets.
Write XDEF Complete: Time (s): cpu = 00:00:00 ; elapsed = 00:00:00.042 . Memory (MB): peak = 1805.945 ; gain = 0.000
INFO: [Common 17-1381] The checkpoint 'C:/OSCP/OSCPS_Documents/FPGA_Courses/ZedBoard/3_Zboard_All_LED/3_Zboard_All_LED.runs/impl_1/top_opt.dcp' has been generated.
INFO: [runtcl-4] Executing : report_drc -file top_drc_opted.rpt -pb top_drc_opted.pb -rpx top_drc_opted.rpx
Command: report_drc -file top_drc_opted.rpt -pb top_drc_opted.pb -rpx top_drc_opted.rpx
INFO: [IP_Flow 19-234] Refreshing IP repositories
INFO: [IP_Flow 19-1704] No user IP repositories specified
INFO: [IP_Flow 19-2313] Loaded Vivado IP repository 'C:/Xilinx/Vivado/2020.2/data/ip'.
INFO: [Timing 38-35] Done setting XDC timing constraints.
INFO: [DRC 23-27] Running DRC with 2 threads
INFO: [Coretcl 2-168] The results of DRC are in file C:/OSCP/OSCPS_Documents/FPGA_Courses/ZedBoard/3_Zboard_All_LED/3_Zboard_All_LED.runs/impl_1/top_drc_opted.rpt.
report_drc completed successfully
Command: place_design
Attempting to get a license for feature 'Implementation' and/or device 'xc7z020'
INFO: [Common 17-349] Got license for feature 'Implementation' and/or device 'xc7z020'
INFO: [DRC 23-27] Running DRC with 2 threads
INFO: [Vivado_Tcl 4-198] DRC finished with 0 Errors
INFO: [Vivado_Tcl 4-199] Please refer to the DRC report (report_drc) for more information.
Running DRC as a precondition to command place_design
INFO: [DRC 23-27] Running DRC with 2 threads
INFO: [Vivado_Tcl 4-198] DRC finished with 0 Errors
INFO: [Vivado_Tcl 4-199] Please refer to the DRC report (report_drc) for more information.

Starting Placer Task
INFO: [Place 30-611] Multithreading enabled for place_design using a maximum of 2 CPUs

Phase 1 Placer Initialization

Phase 1.1 Placer Initialization Netlist Sorting
Netlist sorting complete. Time (s): cpu = 00:00:00 ; elapsed = 00:00:00 . Memory (MB): peak = 1851.945 ; gain = 0.000
Phase 1.1 Placer Initialization Netlist Sorting | Checksum: d2bba0f3

Time (s): cpu = 00:00:00 ; elapsed = 00:00:00.011 . Memory (MB): peak = 1851.945 ; gain = 0.000
Netlist sorting complete. Time (s): cpu = 00:00:00 ; elapsed = 00:00:00 . Memory (MB): peak = 1851.945 ; gain = 0.000

Phase 1.2 IO Placement/ Clock Placement/ Build Placer Device
Phase 1.2 IO Placement/ Clock Placement/ Build Placer Device | Checksum: 17fa6bc7e

Time (s): cpu = 00:00:01 ; elapsed = 00:00:00.325 . Memory (MB): peak = 1851.945 ; gain = 0.000

Phase 1.3 Build Placer Netlist Model
Phase 1.3 Build Placer Netlist Model | Checksum: 251d3384a

Time (s): cpu = 00:00:01 ; elapsed = 00:00:00.405 . Memory (MB): peak = 1851.945 ; gain = 0.000

Phase 1.4 Constrain Clocks/Macros
Phase 1.4 Constrain Clocks/Macros | Checksum: 251d3384a

Time (s): cpu = 00:00:01 ; elapsed = 00:00:00.409 . Memory (MB): peak = 1851.945 ; gain = 0.000
Phase 1 Placer Initialization | Checksum: 251d3384a

Time (s): cpu = 00:00:01 ; elapsed = 00:00:00.414 . Memory (MB): peak = 1851.945 ; gain = 0.000

Phase 2 Global Placement

Phase 2.1 Floorplanning
Phase 2.1 Floorplanning | Checksum: 251d3384a

Time (s): cpu = 00:00:01 ; elapsed = 00:00:00.422 . Memory (MB): peak = 1851.945 ; gain = 0.000

Phase 2.2 Update Timing before SLR Path Opt
Phase 2.2 Update Timing before SLR Path Opt | Checksum: 251d3384a

Time (s): cpu = 00:00:01 ; elapsed = 00:00:00.423 . Memory (MB): peak = 1851.945 ; gain = 0.000

Phase 2.3 Global Placement Core
WARNING: [Place 46-29] place_design is not in timing mode. Skip physical synthesis in placer
Phase 2.3 Global Placement Core | Checksum: 1cf5deae6

Time (s): cpu = 00:00:01 ; elapsed = 00:00:00.818 . Memory (MB): peak = 1851.945 ; gain = 0.000
Phase 2 Global Placement | Checksum: 1cf5deae6

Time (s): cpu = 00:00:01 ; elapsed = 00:00:00.822 . Memory (MB): peak = 1851.945 ; gain = 0.000

Phase 3 Detail Placement

Phase 3.1 Commit Multi Column Macros
Phase 3.1 Commit Multi Column Macros | Checksum: 1cf5deae6

Time (s): cpu = 00:00:01 ; elapsed = 00:00:00.826 . Memory (MB): peak = 1851.945 ; gain = 0.000

Phase 3.2 Commit Most Macros & LUTRAMs
Phase 3.2 Commit Most Macros & LUTRAMs | Checksum: 1d9390c43

Time (s): cpu = 00:00:01 ; elapsed = 00:00:00.831 . Memory (MB): peak = 1851.945 ; gain = 0.000

Phase 3.3 Area Swap Optimization
Phase 3.3 Area Swap Optimization | Checksum: 250486a56

Time (s): cpu = 00:00:01 ; elapsed = 00:00:00.838 . Memory (MB): peak = 1851.945 ; gain = 0.000

Phase 3.4 Pipeline Register Optimization
Phase 3.4 Pipeline Register Optimization | Checksum: 250486a56

Time (s): cpu = 00:00:01 ; elapsed = 00:00:00.839 . Memory (MB): peak = 1851.945 ; gain = 0.000

Phase 3.5 Small Shape Detail Placement
Phase 3.5 Small Shape Detail Placement | Checksum: 2063371d2

Time (s): cpu = 00:00:02 ; elapsed = 00:00:00.976 . Memory (MB): peak = 1851.945 ; gain = 0.000

Phase 3.6 Re-assign LUT pins
Phase 3.6 Re-assign LUT pins | Checksum: 2063371d2

Time (s): cpu = 00:00:02 ; elapsed = 00:00:00.977 . Memory (MB): peak = 1851.945 ; gain = 0.000

Phase 3.7 Pipeline Register Optimization
Phase 3.7 Pipeline Register Optimization | Checksum: 2063371d2

Time (s): cpu = 00:00:02 ; elapsed = 00:00:00.978 . Memory (MB): peak = 1851.945 ; gain = 0.000
Phase 3 Detail Placement | Checksum: 2063371d2

Time (s): cpu = 00:00:02 ; elapsed = 00:00:00.978 . Memory (MB): peak = 1851.945 ; gain = 0.000

Phase 4 Post Placement Optimization and Clean-Up

Phase 4.1 Post Commit Optimization
Phase 4.1 Post Commit Optimization | Checksum: 2063371d2

Time (s): cpu = 00:00:02 ; elapsed = 00:00:00.980 . Memory (MB): peak = 1851.945 ; gain = 0.000

Phase 4.2 Post Placement Cleanup
Phase 4.2 Post Placement Cleanup | Checksum: 2063371d2

Time (s): cpu = 00:00:02 ; elapsed = 00:00:00.983 . Memory (MB): peak = 1851.945 ; gain = 0.000

Phase 4.3 Placer Reporting

Phase 4.3.1 Print Estimated Congestion
INFO: [Place 30-612] Post-Placement Estimated Congestion 
 ____________________________________________________
|           | Global Congestion | Short Congestion  |
| Direction | Region Size       | Region Size       |
|___________|___________________|___________________|
|      North|                1x1|                1x1|
|___________|___________________|___________________|
|      South|                1x1|                1x1|
|___________|___________________|___________________|
|       East|                1x1|                1x1|
|___________|___________________|___________________|
|       West|                1x1|                1x1|
|___________|___________________|___________________|

Phase 4.3.1 Print Estimated Congestion | Checksum: 2063371d2

Time (s): cpu = 00:00:02 ; elapsed = 00:00:00.985 . Memory (MB): peak = 1851.945 ; gain = 0.000
Phase 4.3 Placer Reporting | Checksum: 2063371d2

Time (s): cpu = 00:00:02 ; elapsed = 00:00:00.985 . Memory (MB): peak = 1851.945 ; gain = 0.000

Phase 4.4 Final Placement Cleanup
Netlist sorting complete. Time (s): cpu = 00:00:00 ; elapsed = 00:00:00 . Memory (MB): peak = 1851.945 ; gain = 0.000

Time (s): cpu = 00:00:02 ; elapsed = 00:00:00.986 . Memory (MB): peak = 1851.945 ; gain = 0.000
Phase 4 Post Placement Optimization and Clean-Up | Checksum: 2063371d2

Time (s): cpu = 00:00:02 ; elapsed = 00:00:00.986 . Memory (MB): peak = 1851.945 ; gain = 0.000
Ending Placer Task | Checksum: 1286b9008

Time (s): cpu = 00:00:02 ; elapsed = 00:00:00.987 . Memory (MB): peak = 1851.945 ; gain = 0.000
INFO: [Common 17-83] Releasing license: Implementation
41 Infos, 1 Warnings, 0 Critical Warnings and 0 Errors encountered.
place_design completed successfully
INFO: [Timing 38-480] Writing timing data to binary archive.
Writing placer database...
Writing XDEF routing.
Writing XDEF routing logical nets.
Writing XDEF routing special nets.
Write XDEF Complete: Time (s): cpu = 00:00:00 ; elapsed = 00:00:00.040 . Memory (MB): peak = 1851.945 ; gain = 0.000
INFO: [Common 17-1381] The checkpoint 'C:/OSCP/OSCPS_Documents/FPGA_Courses/ZedBoard/3_Zboard_All_LED/3_Zboard_All_LED.runs/impl_1/top_placed.dcp' has been generated.
INFO: [runtcl-4] Executing : report_io -file top_io_placed.rpt
report_io: Time (s): cpu = 00:00:00 ; elapsed = 00:00:00.044 . Memory (MB): peak = 1851.945 ; gain = 0.000
INFO: [runtcl-4] Executing : report_utilization -file top_utilization_placed.rpt -pb top_utilization_placed.pb
INFO: [runtcl-4] Executing : report_control_sets -verbose -file top_control_sets_placed.rpt
report_control_sets: Time (s): cpu = 00:00:00 ; elapsed = 00:00:00.001 . Memory (MB): peak = 1851.945 ; gain = 0.000
Command: phys_opt_design
Attempting to get a license for feature 'Implementation' and/or device 'xc7z020'
INFO: [Common 17-349] Got license for feature 'Implementation' and/or device 'xc7z020'
INFO: [Timing 38-35] Done setting XDC timing constraints.
INFO: [Vivado_Tcl 4-383] Design worst setup slack (WNS) is greater than or equal to 0.000 ns. Skipping all physical synthesis optimizations.
INFO: [Vivado_Tcl 4-232] No setup violation found. The netlist was not modified.
INFO: [Common 17-83] Releasing license: Implementation
51 Infos, 1 Warnings, 0 Critical Warnings and 0 Errors encountered.
phys_opt_design completed successfully
INFO: [Timing 38-480] Writing timing data to binary archive.
Writing placer database...
Writing XDEF routing.
Writing XDEF routing logical nets.
Writing XDEF routing special nets.
Write XDEF Complete: Time (s): cpu = 00:00:00 ; elapsed = 00:00:00.051 . Memory (MB): peak = 1851.945 ; gain = 0.000
INFO: [Common 17-1381] The checkpoint 'C:/OSCP/OSCPS_Documents/FPGA_Courses/ZedBoard/3_Zboard_All_LED/3_Zboard_All_LED.runs/impl_1/top_physopt.dcp' has been generated.
Command: route_design
Attempting to get a license for feature 'Implementation' and/or device 'xc7z020'
INFO: [Common 17-349] Got license for feature 'Implementation' and/or device 'xc7z020'
Running DRC as a precondition to command route_design
INFO: [DRC 23-27] Running DRC with 2 threads
INFO: [Vivado_Tcl 4-198] DRC finished with 0 Errors
INFO: [Vivado_Tcl 4-199] Please refer to the DRC report (report_drc) for more information.


Starting Routing Task
INFO: [Route 35-254] Multithreading enabled for route_design using a maximum of 2 CPUs
Checksum: PlaceDB: 6d5ad307 ConstDB: 0 ShapeSum: bb10bd01 RouteDB: 0

Phase 1 Build RT Design
Phase 1 Build RT Design | Checksum: af1f9c3f

Time (s): cpu = 00:00:22 ; elapsed = 00:00:19 . Memory (MB): peak = 1954.500 ; gain = 94.535
Post Restoration Checksum: NetGraph: 96755e4f NumContArr: 18aa3df0 Constraints: 0 Timing: 0

Phase 2 Router Initialization

Phase 2.1 Create Timer
Phase 2.1 Create Timer | Checksum: af1f9c3f

Time (s): cpu = 00:00:22 ; elapsed = 00:00:19 . Memory (MB): peak = 1954.520 ; gain = 94.555

Phase 2.2 Fix Topology Constraints
Phase 2.2 Fix Topology Constraints | Checksum: af1f9c3f

Time (s): cpu = 00:00:22 ; elapsed = 00:00:19 . Memory (MB): peak = 1960.734 ; gain = 100.770

Phase 2.3 Pre Route Cleanup
Phase 2.3 Pre Route Cleanup | Checksum: af1f9c3f

Time (s): cpu = 00:00:22 ; elapsed = 00:00:19 . Memory (MB): peak = 1960.734 ; gain = 100.770
 Number of Nodes with overlaps = 0

Phase 2.4 Update Timing
Phase 2.4 Update Timing | Checksum: c39afc05

Time (s): cpu = 00:00:22 ; elapsed = 00:00:19 . Memory (MB): peak = 1977.406 ; gain = 117.441
Phase 2 Router Initialization | Checksum: c39afc05

Time (s): cpu = 00:00:22 ; elapsed = 00:00:19 . Memory (MB): peak = 1977.406 ; gain = 117.441

Router Utilization Summary
  Global Vertical Routing Utilization    = 0 %
  Global Horizontal Routing Utilization  = 0 %
  Routable Net Status*
  *Does not include unroutable nets such as driverless and loadless.
  Run report_route_status for detailed report.
  Number of Failed Nets               = 16
    (Failed Nets is the sum of unrouted and partially routed nets)
  Number of Unrouted Nets             = 16
  Number of Partially Routed Nets     = 0
  Number of Node Overlaps             = 0


Phase 3 Initial Routing

Phase 3.1 Global Routing
Phase 3.1 Global Routing | Checksum: c39afc05

Time (s): cpu = 00:00:22 ; elapsed = 00:00:19 . Memory (MB): peak = 1978.957 ; gain = 118.992
 Number of Nodes with overlaps = 0
Phase 3 Initial Routing | Checksum: 10932b609

Time (s): cpu = 00:00:22 ; elapsed = 00:00:19 . Memory (MB): peak = 1978.957 ; gain = 118.992

Phase 4 Rip-up And Reroute

Phase 4.1 Global Iteration 0
Phase 4.1 Global Iteration 0 | Checksum: 10932b609

Time (s): cpu = 00:00:22 ; elapsed = 00:00:19 . Memory (MB): peak = 1978.957 ; gain = 118.992
Phase 4 Rip-up And Reroute | Checksum: 10932b609

Time (s): cpu = 00:00:22 ; elapsed = 00:00:19 . Memory (MB): peak = 1978.957 ; gain = 118.992

Phase 5 Delay and Skew Optimization

Phase 5.1 Delay CleanUp
Phase 5.1 Delay CleanUp | Checksum: 10932b609

Time (s): cpu = 00:00:22 ; elapsed = 00:00:19 . Memory (MB): peak = 1978.957 ; gain = 118.992

Phase 5.2 Clock Skew Optimization
Phase 5.2 Clock Skew Optimization | Checksum: 10932b609

Time (s): cpu = 00:00:22 ; elapsed = 00:00:19 . Memory (MB): peak = 1978.957 ; gain = 118.992
Phase 5 Delay and Skew Optimization | Checksum: 10932b609

Time (s): cpu = 00:00:22 ; elapsed = 00:00:19 . Memory (MB): peak = 1978.957 ; gain = 118.992

Phase 6 Post Hold Fix

Phase 6.1 Hold Fix Iter

Phase 6.1.1 Update Timing
Phase 6.1.1 Update Timing | Checksum: 10932b609

Time (s): cpu = 00:00:22 ; elapsed = 00:00:19 . Memory (MB): peak = 1978.957 ; gain = 118.992
Phase 6.1 Hold Fix Iter | Checksum: 10932b609

Time (s): cpu = 00:00:22 ; elapsed = 00:00:19 . Memory (MB): peak = 1978.957 ; gain = 118.992
Phase 6 Post Hold Fix | Checksum: 10932b609

Time (s): cpu = 00:00:22 ; elapsed = 00:00:19 . Memory (MB): peak = 1978.957 ; gain = 118.992

Phase 7 Route finalize

Router Utilization Summary
  Global Vertical Routing Utilization    = 0.0318422 %
  Global Horizontal Routing Utilization  = 0.00380325 %
  Routable Net Status*
  *Does not include unroutable nets such as driverless and loadless.
  Run report_route_status for detailed report.
  Number of Failed Nets               = 0
    (Failed Nets is the sum of unrouted and partially routed nets)
  Number of Unrouted Nets             = 0
  Number of Partially Routed Nets     = 0
  Number of Node Overlaps             = 0

Phase 7 Route finalize | Checksum: 10932b609

Time (s): cpu = 00:00:22 ; elapsed = 00:00:19 . Memory (MB): peak = 1978.957 ; gain = 118.992

Phase 8 Verifying routed nets

 Verification completed successfully
Phase 8 Verifying routed nets | Checksum: 10932b609

Time (s): cpu = 00:00:22 ; elapsed = 00:00:19 . Memory (MB): peak = 1978.957 ; gain = 118.992

Phase 9 Depositing Routes
Phase 9 Depositing Routes | Checksum: 10932b609

Time (s): cpu = 00:00:22 ; elapsed = 00:00:19 . Memory (MB): peak = 1978.957 ; gain = 118.992

Phase 10 Post Router Timing
Phase 10 Post Router Timing | Checksum: 10932b609

Time (s): cpu = 00:00:22 ; elapsed = 00:00:19 . Memory (MB): peak = 1978.957 ; gain = 118.992
INFO: [Route 35-16] Router Completed Successfully

Time (s): cpu = 00:00:22 ; elapsed = 00:00:19 . Memory (MB): peak = 1978.957 ; gain = 118.992

Routing Is Done.
INFO: [Common 17-83] Releasing license: Implementation
60 Infos, 1 Warnings, 0 Critical Warnings and 0 Errors encountered.
route_design completed successfully
route_design: Time (s): cpu = 00:00:23 ; elapsed = 00:00:24 . Memory (MB): peak = 1978.957 ; gain = 127.012
INFO: [Timing 38-480] Writing timing data to binary archive.
Writing placer database...
Writing XDEF routing.
Writing XDEF routing logical nets.
Writing XDEF routing special nets.
Write XDEF Complete: Time (s): cpu = 00:00:00 ; elapsed = 00:00:00.033 . Memory (MB): peak = 1988.594 ; gain = 9.637
INFO: [Common 17-1381] The checkpoint 'C:/OSCP/OSCPS_Documents/FPGA_Courses/ZedBoard/3_Zboard_All_LED/3_Zboard_All_LED.runs/impl_1/top_routed.dcp' has been generated.
INFO: [runtcl-4] Executing : report_drc -file top_drc_routed.rpt -pb top_drc_routed.pb -rpx top_drc_routed.rpx
Command: report_drc -file top_drc_routed.rpt -pb top_drc_routed.pb -rpx top_drc_routed.rpx
INFO: [IP_Flow 19-1839] IP Catalog is up to date.
INFO: [DRC 23-27] Running DRC with 2 threads
INFO: [Coretcl 2-168] The results of DRC are in file C:/OSCP/OSCPS_Documents/FPGA_Courses/ZedBoard/3_Zboard_All_LED/3_Zboard_All_LED.runs/impl_1/top_drc_routed.rpt.
report_drc completed successfully
INFO: [runtcl-4] Executing : report_methodology -file top_methodology_drc_routed.rpt -pb top_methodology_drc_routed.pb -rpx top_methodology_drc_routed.rpx
Command: report_methodology -file top_methodology_drc_routed.rpt -pb top_methodology_drc_routed.pb -rpx top_methodology_drc_routed.rpx
INFO: [Timing 38-35] Done setting XDC timing constraints.
INFO: [DRC 23-133] Running Methodology with 2 threads
INFO: [Coretcl 2-1520] The results of Report Methodology are in file C:/OSCP/OSCPS_Documents/FPGA_Courses/ZedBoard/3_Zboard_All_LED/3_Zboard_All_LED.runs/impl_1/top_methodology_drc_routed.rpt.
report_methodology completed successfully
INFO: [runtcl-4] Executing : report_power -file top_power_routed.rpt -pb top_power_summary_routed.pb -rpx top_power_routed.rpx
Command: report_power -file top_power_routed.rpt -pb top_power_summary_routed.pb -rpx top_power_routed.rpx
INFO: [Timing 38-35] Done setting XDC timing constraints.
Running Vector-less Activity Propagation...

Finished Running Vector-less Activity Propagation
72 Infos, 1 Warnings, 0 Critical Warnings and 0 Errors encountered.
report_power completed successfully
INFO: [runtcl-4] Executing : report_route_status -file top_route_status.rpt -pb top_route_status.pb
INFO: [runtcl-4] Executing : report_timing_summary -max_paths 10 -file top_timing_summary_routed.rpt -pb top_timing_summary_routed.pb -rpx top_timing_summary_routed.rpx -warn_on_violation 
INFO: [Timing 38-91] UpdateTimingParams: Speed grade: -1, Delay Type: min_max.
INFO: [Timing 38-191] Multithreading enabled for timing update using a maximum of 2 CPUs
INFO: [runtcl-4] Executing : report_incremental_reuse -file top_incremental_reuse_routed.rpt
INFO: [Vivado_Tcl 4-1062] Incremental flow is disabled. No incremental reuse Info to report.
INFO: [runtcl-4] Executing : report_clock_utilization -file top_clock_utilization_routed.rpt
INFO: [runtcl-4] Executing : report_bus_skew -warn_on_violation -file top_bus_skew_routed.rpt -pb top_bus_skew_routed.pb -rpx top_bus_skew_routed.rpx
INFO: [Timing 38-91] UpdateTimingParams: Speed grade: -1, Delay Type: min_max.
INFO: [Timing 38-191] Multithreading enabled for timing update using a maximum of 2 CPUs
INFO: [Common 17-206] Exiting Vivado at Sun Jan  2 18:06:38 2022...

*** Running vivado
    with args -log top.vdi -applog -m64 -product Vivado -messageDb vivado.pb -mode batch -source top.tcl -notrace



****** Vivado v2020.2 (64-bit)
  **** SW Build 3064766 on Wed Nov 18 09:12:45 MST 2020
  **** IP Build 3064653 on Wed Nov 18 14:17:31 MST 2020
    ** Copyright 1986-2020 Xilinx, Inc. All Rights Reserved.

source top.tcl -notrace
Command: open_checkpoint top_routed.dcp

Starting open_checkpoint Task

Time (s): cpu = 00:00:00 ; elapsed = 00:00:00.041 . Memory (MB): peak = 1146.289 ; gain = 0.000
INFO: [Device 21-403] Loading part xc7z020clg484-1
Netlist sorting complete. Time (s): cpu = 00:00:00 ; elapsed = 00:00:00 . Memory (MB): peak = 1146.289 ; gain = 0.000
INFO: [Project 1-479] Netlist was created with Vivado 2020.2
INFO: [Project 1-570] Preparing netlist for logic optimization
INFO: [Timing 38-478] Restoring timing data from binary archive.
INFO: [Timing 38-479] Binary timing data restore complete.
INFO: [Project 1-856] Restoring constraints from binary archive.
INFO: [Project 1-853] Binary constraint restore complete.
Reading XDEF placement.
Reading placer database...
Reading XDEF routing.
Read XDEF File: Time (s): cpu = 00:00:00 ; elapsed = 00:00:00.106 . Memory (MB): peak = 1591.574 ; gain = 6.941
Restored from archive | CPU: 0.000000 secs | Memory: 0.000000 MB |
Finished XDEF File Restore: Time (s): cpu = 00:00:00 ; elapsed = 00:00:00.106 . Memory (MB): peak = 1591.574 ; gain = 6.941
Netlist sorting complete. Time (s): cpu = 00:00:00 ; elapsed = 00:00:00 . Memory (MB): peak = 1591.574 ; gain = 0.000
INFO: [Project 1-111] Unisim Transformation Summary:
No Unisim elements were transformed.

INFO: [Project 1-604] Checkpoint was created with Vivado v2020.2 (64-bit) build 3064766
open_checkpoint: Time (s): cpu = 00:00:16 ; elapsed = 00:00:32 . Memory (MB): peak = 1591.574 ; gain = 445.285
Command: write_bitstream -force top.bit
Attempting to get a license for feature 'Implementation' and/or device 'xc7z020'
INFO: [Common 17-349] Got license for feature 'Implementation' and/or device 'xc7z020'
Running DRC as a precondition to command write_bitstream
INFO: [IP_Flow 19-234] Refreshing IP repositories
INFO: [IP_Flow 19-1704] No user IP repositories specified
INFO: [IP_Flow 19-2313] Loaded Vivado IP repository 'C:/Xilinx/Vivado/2020.2/data/ip'.
INFO: [DRC 23-27] Running DRC with 2 threads
WARNING: [DRC ZPS7-1] PS7 block required: The PS7 cell must be used in this Zynq design in order to enable correct default configuration.
INFO: [Vivado 12-3199] DRC finished with 0 Errors, 1 Warnings
INFO: [Vivado 12-3200] Please refer to the DRC report (report_drc) for more information.
INFO: [Designutils 20-2272] Running write_bitstream with 2 threads.
Loading data files...
Loading site data...
Loading route data...
Processing options...
Creating bitmap...
Creating bitstream...
Writing bitstream ./top.bit...
INFO: [Vivado 12-1842] Bitgen Completed Successfully.
INFO: [Common 17-83] Releasing license: Implementation
19 Infos, 1 Warnings, 0 Critical Warnings and 0 Errors encountered.
write_bitstream completed successfully
write_bitstream: Time (s): cpu = 00:00:12 ; elapsed = 00:00:15 . Memory (MB): peak = 2094.047 ; gain = 502.473
INFO: [Common 17-206] Exiting Vivado at Sun Jan  2 18:07:49 2022...
